c:\users\jtentor\android\libofa\win32\debug\vc140.pdb
c:\users\jtentor\android\libofa\win32\debug\vc140.idb
c:\users\jtentor\android\libofa\win32\debug\aflibconverter.obj
c:\users\jtentor\android\libofa\win32\debug\signal_op.obj
c:\users\jtentor\android\libofa\win32\debug\trackdata_op.obj
c:\users\jtentor\android\libofa\win32\debug\trackframe_op.obj
c:\users\jtentor\android\libofa\win32\debug\tracklist_op.obj
c:\users\jtentor\android\libofa\win32\debug\mainprint.obj
c:\users\jtentor\android\libofa\win32\debug\fft_op.obj
c:\users\jtentor\android\libofa\win32\debug\fftlibw3_op.obj
c:\users\jtentor\android\libofa\win32\debug\frametracker_op.obj
c:\users\jtentor\android\libofa\win32\debug\libofa.lib
c:\users\jtentor\android\libofa\win32\debug\libofa.exp
c:\users\jtentor\android\libofa\win32\debug\libofa.ilk
c:\users\jtentor\android\libofa\win32\debug\libofa.dll
c:\users\jtentor\android\libofa\win32\debug\libofa.pdb
c:\users\jtentor\android\libofa\win32\.\debug\libofa.dll
c:\users\jtentor\android\libofa\win32\debug\libofa.tlog\cl.command.1.tlog
c:\users\jtentor\android\libofa\win32\debug\libofa.tlog\cl.read.1.tlog
c:\users\jtentor\android\libofa\win32\debug\libofa.tlog\cl.write.1.tlog
c:\users\jtentor\android\libofa\win32\debug\libofa.tlog\libofa.write.1u.tlog
c:\users\jtentor\android\libofa\win32\debug\libofa.tlog\link.command.1.tlog
c:\users\jtentor\android\libofa\win32\debug\libofa.tlog\link.read.1.tlog
c:\users\jtentor\android\libofa\win32\debug\libofa.tlog\link.write.1.tlog
