c:\users\jtentor\android\libofa\win32\release\vc140.pdb
c:\users\jtentor\android\libofa\win32\release\tracklist_op.obj
c:\users\jtentor\android\libofa\win32\release\trackframe_op.obj
c:\users\jtentor\android\libofa\win32\release\trackdata_op.obj
c:\users\jtentor\android\libofa\win32\release\signal_op.obj
c:\users\jtentor\android\libofa\win32\release\mainprint.obj
c:\users\jtentor\android\libofa\win32\release\frametracker_op.obj
c:\users\jtentor\android\libofa\win32\release\fft_op.obj
c:\users\jtentor\android\libofa\win32\release\fftlibw3_op.obj
c:\users\jtentor\android\libofa\win32\release\aflibconverter.obj
c:\users\jtentor\android\libofa\win32\release\libofa.exp
c:\users\jtentor\android\libofa\win32\release\libofa.pdb
c:\users\jtentor\android\libofa\win32\release\libofa.tlog\cl.command.1.tlog
c:\users\jtentor\android\libofa\win32\release\libofa.tlog\cl.read.1.tlog
c:\users\jtentor\android\libofa\win32\release\libofa.tlog\cl.write.1.tlog
c:\users\jtentor\android\libofa\win32\release\libofa.tlog\link-cvtres.read.1.tlog
c:\users\jtentor\android\libofa\win32\release\libofa.tlog\link-cvtres.write.1.tlog
c:\users\jtentor\android\libofa\win32\release\libofa.tlog\link-rc.read.1.tlog
c:\users\jtentor\android\libofa\win32\release\libofa.tlog\link-rc.write.1.tlog
c:\users\jtentor\android\libofa\win32\release\libofa.tlog\link.command.1.tlog
c:\users\jtentor\android\libofa\win32\release\libofa.tlog\link.read.1.tlog
c:\users\jtentor\android\libofa\win32\release\libofa.tlog\link.write.1.tlog
